#
# There is insufficient memory for the Java Runtime Environment to continue.
# Native memory allocation (malloc) failed to allocate 1075696 bytes for Chunk::new
# Possible reasons:
#   The system is out of physical RAM or swap space
#   The process is running with CompressedOops enabled, and the Java Heap may be blocking the growth of the native heap
# Possible solutions:
#   Reduce memory load on the system
#   Increase physical memory or swap space
#   Check if swap backing store is full
#   Decrease Java heap size (-Xmx/-Xms)
#   Decrease number of Java threads
#   Decrease Java thread stack sizes (-Xss)
#   Set larger code cache with -XX:ReservedCodeCacheSize=
#   JVM is running with Unscaled Compressed Oops mode in which the Java heap is
#     placed in the first 4GB address space. The Java Heap base address is the
#     maximum limit for the native heap growth. Please use -XX:HeapBaseMinAddress
#     to set the Java Heap base and to place the Java Heap above 4GB virtual address.
# This output file may be truncated or incomplete.
#
#  Out of Memory Error (arena.cpp:189), pid=10484, tid=6808
#
# JRE version: OpenJDK Runtime Environment Temurin-17.0.5+8 (17.0.5+8) (build 17.0.5+8)
# Java VM: OpenJDK 64-Bit Server VM Temurin-17.0.5+8 (17.0.5+8, mixed mode, tiered, compressed oops, compressed class ptrs, g1 gc, windows-amd64)
# No core dump will be written. Minidumps are not enabled by default on client versions of Windows
#

---------------  S U M M A R Y ------------

Command Line: -XX:+ShowCodeDetailsInExceptionMessages -Dspring.jmx.enabled=true -Dmanagement.endpoints.jmx.exposure.include=* -Dspring.application.admin.enabled=true -Dspring.boot.project.name=backend -Djava.rmi.server.hostname=localhost com.dev.backend.BackendApplication

Host: Intel(R) Core(TM) i5-3210M CPU @ 2.50GHz, 4 cores, 7G,  Windows 10 , 64 bit Build 19041 (10.0.19041.2364)
Time: Tue Dec 27 11:20:25 2022 Hora oficial do Brasil elapsed time: 19.439229 seconds (0d 0h 0m 19s)

---------------  T H R E A D  ---------------

Current thread (0x000001221c519100):  JavaThread "C2 CompilerThread0" daemon [_thread_in_native, id=6808, stack(0x00000020f5700000,0x00000020f5800000)]


Current CompileTask:
C2:  19439 5811       4       org.springframework.beans.factory.support.AbstractBeanFactory::isTypeMatch (619 bytes)

Stack: [0x00000020f5700000,0x00000020f5800000]
Native frames: (J=compiled Java code, j=interpreted, Vv=VM code, C=native code)
V  [jvm.dll+0x676b3a]
V  [jvm.dll+0x831444]
V  [jvm.dll+0x832bee]
V  [jvm.dll+0x833253]
V  [jvm.dll+0x244ce5]
V  [jvm.dll+0xabbac]
V  [jvm.dll+0xac17c]
V  [jvm.dll+0x362d02]
V  [jvm.dll+0x32d591]
V  [jvm.dll+0x32ca3a]
V  [jvm.dll+0x217b51]
V  [jvm.dll+0x216f71]
V  [jvm.dll+0x1a343d]
V  [jvm.dll+0x22698a]
V  [jvm.dll+0x224ac5]
V  [jvm.dll+0x7e727b]
V  [jvm.dll+0x7e17ea]
V  [jvm.dll+0x6759e5]
C  [ucrtbase.dll+0x21bb2]
C  [KERNEL32.DLL+0x17614]
C  [ntdll.dll+0x526a1]


---------------  P R O C E S S  ---------------

Threads class SMR info:
_java_thread_list=0x0000012220bbe030, length=38, elements={
0x000001221bb8a730, 0x000001221bb8ede0, 0x000001221bbbbe40, 0x000001221bbbde10,
0x000001221bbbef60, 0x000001221bbc00b0, 0x000001221c519100, 0x000001221c51a340,
0x000001221c5278d0, 0x000001221c692b40, 0x000001221c6a99a0, 0x000001221d064cf0,
0x000001221d0ada50, 0x000001221d0d2460, 0x000001221e0a0010, 0x000001221e09bd00,
0x000001221d0d8ed0, 0x000001221d0dc3c0, 0x000001221d0d9d40, 0x000001221d0dabb0,
0x000001221d0dc890, 0x000001221d0da6e0, 0x000001221d0023a0, 0x000001221d0dbef0,
0x000001221d0d93a0, 0x000001221d0db550, 0x00000122221128e0, 0x0000012222113750,
0x0000012222115430, 0x00000122221162a0, 0x0000012222112410, 0x0000012222117f80,
0x0000012222118920, 0x00000122221145c0, 0x0000012222116770, 0x00000122221110d0,
0x0000012222116c40, 0x0000012222112db0
}

Java Threads: ( => current thread )
  0x000001221bb8a730 JavaThread "Reference Handler" daemon [_thread_blocked, id=2408, stack(0x00000020f5100000,0x00000020f5200000)]
  0x000001221bb8ede0 JavaThread "Finalizer" daemon [_thread_blocked, id=2196, stack(0x00000020f5200000,0x00000020f5300000)]
  0x000001221bbbbe40 JavaThread "Signal Dispatcher" daemon [_thread_blocked, id=6152, stack(0x00000020f5300000,0x00000020f5400000)]
  0x000001221bbbde10 JavaThread "Attach Listener" daemon [_thread_blocked, id=8864, stack(0x00000020f5400000,0x00000020f5500000)]
  0x000001221bbbef60 JavaThread "Service Thread" daemon [_thread_blocked, id=8260, stack(0x00000020f5500000,0x00000020f5600000)]
  0x000001221bbc00b0 JavaThread "Monitor Deflation Thread" daemon [_thread_blocked, id=10520, stack(0x00000020f5600000,0x00000020f5700000)]
=>0x000001221c519100 JavaThread "C2 CompilerThread0" daemon [_thread_in_native, id=6808, stack(0x00000020f5700000,0x00000020f5800000)]
  0x000001221c51a340 JavaThread "C1 CompilerThread0" daemon [_thread_blocked, id=12024, stack(0x00000020f5800000,0x00000020f5900000)]
  0x000001221c5278d0 JavaThread "Sweeper thread" daemon [_thread_blocked, id=8444, stack(0x00000020f5900000,0x00000020f5a00000)]
  0x000001221c692b40 JavaThread "Notification Thread" daemon [_thread_blocked, id=8328, stack(0x00000020f5a00000,0x00000020f5b00000)]
  0x000001221c6a99a0 JavaThread "Common-Cleaner" daemon [_thread_blocked, id=8568, stack(0x00000020f5c00000,0x00000020f5d00000)]
  0x000001221d064cf0 JavaThread "RMI TCP Accept-0" daemon [_thread_in_native, id=7392, stack(0x00000020f6200000,0x00000020f6300000)]
  0x000001221d0ada50 JavaThread "RMI TCP Connection(1)-127.0.0.1" daemon [_thread_in_vm, id=11652, stack(0x00000020f6300000,0x00000020f6400000)]
  0x000001221d0d2460 JavaThread "RMI Scheduler(0)" daemon [_thread_blocked, id=11852, stack(0x00000020f6500000,0x00000020f6600000)]
  0x000001221e0a0010 JavaThread "JMX server connection timeout 21" daemon [_thread_blocked, id=1076, stack(0x00000020f6700000,0x00000020f6800000)]
  0x000001221e09bd00 JavaThread "RMI TCP Connection(2)-127.0.0.1" daemon [_thread_in_native, id=1144, stack(0x00000020f6800000,0x00000020f6900000)]
  0x000001221d0d8ed0 JavaThread "RMI TCP Connection(3)-127.0.0.1" daemon [_thread_in_native, id=6532, stack(0x00000020f6900000,0x00000020f6a00000)]
  0x000001221d0dc3c0 JavaThread "Catalina-utility-1" [_thread_blocked, id=2124, stack(0x00000020f6a00000,0x00000020f6b00000)]
  0x000001221d0d9d40 JavaThread "Catalina-utility-2" [_thread_blocked, id=4084, stack(0x00000020f6b00000,0x00000020f6c00000)]
  0x000001221d0dabb0 JavaThread "container-0" [_thread_blocked, id=204, stack(0x00000020f6c00000,0x00000020f6d00000)]
  0x000001221d0dc890 JavaThread "mysql-cj-abandoned-connection-cleanup" daemon [_thread_blocked, id=2072, stack(0x00000020f6d00000,0x00000020f6e00000)]
  0x000001221d0da6e0 JavaThread "HikariPool-1 housekeeper" daemon [_thread_blocked, id=2848, stack(0x00000020f6f00000,0x00000020f7000000)]
  0x000001221d0023a0 JavaThread "C2 CompilerThread1" daemon [_thread_in_native, id=4216, stack(0x00000020f5d00000,0x00000020f5e00000)]
  0x000001221d0dbef0 JavaThread "File Watcher" daemon [_thread_blocked, id=5612, stack(0x00000020f7000000,0x00000020f7100000)]
  0x000001221d0d93a0 JavaThread "Live Reload Server" daemon [_thread_in_native, id=9060, stack(0x00000020f7200000,0x00000020f7300000)]
  0x000001221d0db550 JavaThread "http-nio-8080-exec-1" daemon [_thread_blocked, id=12252, stack(0x00000020f7100000,0x00000020f7200000)]
  0x00000122221128e0 JavaThread "http-nio-8080-exec-2" daemon [_thread_blocked, id=10668, stack(0x00000020f7300000,0x00000020f7400000)]
  0x0000012222113750 JavaThread "http-nio-8080-exec-3" daemon [_thread_blocked, id=4364, stack(0x00000020f7400000,0x00000020f7500000)]
  0x0000012222115430 JavaThread "http-nio-8080-exec-4" daemon [_thread_blocked, id=4280, stack(0x00000020f7500000,0x00000020f7600000)]
  0x00000122221162a0 JavaThread "http-nio-8080-exec-5" daemon [_thread_blocked, id=10648, stack(0x00000020f7600000,0x00000020f7700000)]
  0x0000012222112410 JavaThread "http-nio-8080-exec-6" daemon [_thread_blocked, id=8160, stack(0x00000020f7700000,0x00000020f7800000)]
  0x0000012222117f80 JavaThread "http-nio-8080-exec-7" daemon [_thread_blocked, id=11444, stack(0x00000020f7800000,0x00000020f7900000)]
  0x0000012222118920 JavaThread "http-nio-8080-exec-8" daemon [_thread_blocked, id=7416, stack(0x00000020f7900000,0x00000020f7a00000)]
  0x00000122221145c0 JavaThread "http-nio-8080-exec-9" daemon [_thread_blocked, id=7420, stack(0x00000020f7a00000,0x00000020f7b00000)]
  0x0000012222116770 JavaThread "http-nio-8080-exec-10" daemon [_thread_blocked, id=8736, stack(0x00000020f7b00000,0x00000020f7c00000)]
  0x00000122221110d0 JavaThread "http-nio-8080-Poller" daemon [_thread_in_native, id=1960, stack(0x00000020f7c00000,0x00000020f7d00000)]
  0x0000012222116c40 JavaThread "http-nio-8080-Acceptor" daemon [_thread_in_native, id=6056, stack(0x00000020f7d00000,0x00000020f7e00000)]
  0x0000012222112db0 JavaThread "DestroyJavaVM" [_thread_blocked, id=11548, stack(0x00000020f4a00000,0x00000020f4b00000)]

Other Threads:
  0x000001221bb63e50 VMThread "VM Thread" [stack: 0x00000020f5000000,0x00000020f5100000] [id=8200]
  0x000001221c695430 WatcherThread [stack: 0x00000020f5b00000,0x00000020f5c00000] [id=2068]
  0x00000122014bf510 GCTaskThread "GC Thread#0" [stack: 0x00000020f4b00000,0x00000020f4c00000] [id=7620]
  0x000001221e081c40 GCTaskThread "GC Thread#1" [stack: 0x00000020f5e00000,0x00000020f5f00000] [id=9532]
  0x000001221d10e7d0 GCTaskThread "GC Thread#2" [stack: 0x00000020f5f00000,0x00000020f6000000] [id=8180]
  0x000001221d10ea80 GCTaskThread "GC Thread#3" [stack: 0x00000020f6000000,0x00000020f6100000] [id=3696]
  0x00000122014cf0d0 ConcurrentGCThread "G1 Main Marker" [stack: 0x00000020f4c00000,0x00000020f4d00000] [id=7984]
  0x00000122014cfae0 ConcurrentGCThread "G1 Conc#0" [stack: 0x00000020f4d00000,0x00000020f4e00000] [id=8016]
  0x0000012201522a50 ConcurrentGCThread "G1 Refine#0" [stack: 0x00000020f4e00000,0x00000020f4f00000] [id=6040]
  0x000001221d01cc50 ConcurrentGCThread "G1 Refine#1" [stack: 0x00000020f6100000,0x00000020f6200000] [id=7180]
  0x0000012201523470 ConcurrentGCThread "G1 Service" [stack: 0x00000020f4f00000,0x00000020f5000000] [id=11824]

Threads with active compile tasks:
C2 CompilerThread0    19832 5811       4       org.springframework.beans.factory.support.AbstractBeanFactory::isTypeMatch (619 bytes)
C2 CompilerThread1    19832 5596       4       org.springframework.core.annotation.AnnotationsScanner::scan (21 bytes)

VM state: not at safepoint (normal execution)

VM Mutex/Monitor currently owned by a thread: None

Heap address: 0x0000000089c00000, size: 1892 MB, Compressed Oops mode: 32-bit

CDS archive(s) not mapped
Compressed class space mapped at: 0x0000000100000000-0x0000000140000000, reserved size: 1073741824
Narrow klass base: 0x0000000000000000, Narrow klass shift: 3, Narrow klass range: 0x140000000

GC Precious Log:
 CPUs: 4 total, 4 available
 Memory: 7566M
 Large Page Support: Disabled
 NUMA Support: Disabled
 Compressed Oops: Enabled (32-bit)
 Heap Region Size: 1M
 Heap Min Capacity: 8M
 Heap Initial Capacity: 120M
 Heap Max Capacity: 1892M
 Pre-touch: Disabled
 Parallel Workers: 4
 Concurrent Workers: 1
 Concurrent Refinement Workers: 4
 Periodic GC: Disabled

Heap:
 garbage-first heap   total 53248K, used 40509K [0x0000000089c00000, 0x0000000100000000)
  region size 1024K, 13 young (13312K), 2 survivors (2048K)
 Metaspace       used 67043K, committed 67520K, reserved 1114112K
  class space    used 9004K, committed 9216K, reserved 1048576K

Heap Regions: E=young(eden), S=young(survivor), O=old, HS=humongous(starts), HC=humongous(continues), CS=collection set, F=free, OA=open archive, CA=closed archive, TAMS=top-at-mark-start (previous, next)
|   0|0x0000000089c00000, 0x0000000089d00000, 0x0000000089d00000|100%|HS|  |TAMS 0x0000000089d00000, 0x0000000089c00000| Complete 
|   1|0x0000000089d00000, 0x0000000089e00000, 0x0000000089e00000|100%| O|  |TAMS 0x0000000089e00000, 0x0000000089d00000| Untracked 
|   2|0x0000000089e00000, 0x0000000089f00000, 0x0000000089f00000|100%| O|  |TAMS 0x0000000089f00000, 0x0000000089e00000| Untracked 
|   3|0x0000000089f00000, 0x000000008a000000, 0x000000008a000000|100%| O|  |TAMS 0x000000008a000000, 0x0000000089f00000| Untracked 
|   4|0x000000008a000000, 0x000000008a100000, 0x000000008a100000|100%| O|  |TAMS 0x000000008a100000, 0x000000008a000000| Untracked 
|   5|0x000000008a100000, 0x000000008a200000, 0x000000008a200000|100%| O|  |TAMS 0x000000008a200000, 0x000000008a100000| Untracked 
|   6|0x000000008a200000, 0x000000008a300000, 0x000000008a300000|100%| O|  |TAMS 0x000000008a300000, 0x000000008a200000| Untracked 
|   7|0x000000008a300000, 0x000000008a400000, 0x000000008a400000|100%| O|  |TAMS 0x000000008a400000, 0x000000008a300000| Untracked 
|   8|0x000000008a400000, 0x000000008a500000, 0x000000008a500000|100%| O|  |TAMS 0x000000008a500000, 0x000000008a400000| Untracked 
|   9|0x000000008a500000, 0x000000008a600000, 0x000000008a600000|100%| O|  |TAMS 0x000000008a600000, 0x000000008a500000| Untracked 
|  10|0x000000008a600000, 0x000000008a700000, 0x000000008a700000|100%| O|  |TAMS 0x000000008a700000, 0x000000008a600000| Untracked 
|  11|0x000000008a700000, 0x000000008a800000, 0x000000008a800000|100%| O|  |TAMS 0x000000008a800000, 0x000000008a700000| Untracked 
|  12|0x000000008a800000, 0x000000008a900000, 0x000000008a900000|100%| O|  |TAMS 0x000000008a900000, 0x000000008a800000| Untracked 
|  13|0x000000008a900000, 0x000000008aa00000, 0x000000008aa00000|100%| O|  |TAMS 0x000000008aa00000, 0x000000008a900000| Untracked 
|  14|0x000000008aa00000, 0x000000008ab00000, 0x000000008ab00000|100%| O|  |TAMS 0x000000008ab00000, 0x000000008aa00000| Untracked 
|  15|0x000000008ab00000, 0x000000008ac00000, 0x000000008ac00000|100%| O|  |TAMS 0x000000008ac00000, 0x000000008ab00000| Untracked 
|  16|0x000000008ac00000, 0x000000008ad00000, 0x000000008ad00000|100%| O|  |TAMS 0x000000008ad00000, 0x000000008ac00000| Untracked 
|  17|0x000000008ad00000, 0x000000008ae00000, 0x000000008ae00000|100%| O|  |TAMS 0x000000008ae00000, 0x000000008ad00000| Untracked 
|  18|0x000000008ae00000, 0x000000008af00000, 0x000000008af00000|100%| O|  |TAMS 0x000000008af00000, 0x000000008ae00000| Untracked 
|  19|0x000000008af00000, 0x000000008b000000, 0x000000008b000000|100%| O|  |TAMS 0x000000008b000000, 0x000000008af00000| Untracked 
|  20|0x000000008b000000, 0x000000008b100000, 0x000000008b100000|100%| O|  |TAMS 0x000000008b100000, 0x000000008b000000| Untracked 
|  21|0x000000008b100000, 0x000000008b200000, 0x000000008b200000|100%| O|  |TAMS 0x000000008b200000, 0x000000008b100000| Untracked 
|  22|0x000000008b200000, 0x000000008b300000, 0x000000008b300000|100%| O|  |TAMS 0x000000008b300000, 0x000000008b200000| Untracked 
|  23|0x000000008b300000, 0x000000008b400000, 0x000000008b400000|100%| O|  |TAMS 0x000000008b400000, 0x000000008b300000| Untracked 
|  24|0x000000008b400000, 0x000000008b500000, 0x000000008b500000|100%| O|  |TAMS 0x000000008b500000, 0x000000008b400000| Untracked 
|  25|0x000000008b500000, 0x000000008b600000, 0x000000008b600000|100%| O|  |TAMS 0x000000008b600000, 0x000000008b500000| Untracked 
|  26|0x000000008b600000, 0x000000008b700000, 0x000000008b700000|100%| O|  |TAMS 0x000000008b65e600, 0x000000008b600000| Untracked 
|  27|0x000000008b700000, 0x000000008b78f400, 0x000000008b800000| 55%| O|  |TAMS 0x000000008b700000, 0x000000008b700000| Untracked 
|  28|0x000000008b800000, 0x000000008b800000, 0x000000008b900000|  0%| F|  |TAMS 0x000000008b800000, 0x000000008b800000| Untracked 
|  29|0x000000008b900000, 0x000000008b900000, 0x000000008ba00000|  0%| F|  |TAMS 0x000000008b900000, 0x000000008b900000| Untracked 
|  30|0x000000008ba00000, 0x000000008ba00000, 0x000000008bb00000|  0%| F|  |TAMS 0x000000008ba00000, 0x000000008ba00000| Untracked 
|  31|0x000000008bb00000, 0x000000008bb00000, 0x000000008bc00000|  0%| F|  |TAMS 0x000000008bb00000, 0x000000008bb00000| Untracked 
|  32|0x000000008bc00000, 0x000000008bc00000, 0x000000008bd00000|  0%| F|  |TAMS 0x000000008bc00000, 0x000000008bc00000| Untracked 
|  33|0x000000008bd00000, 0x000000008be00000, 0x000000008be00000|100%| S|CS|TAMS 0x000000008bd00000, 0x000000008bd00000| Complete 
|  34|0x000000008be00000, 0x000000008bf00000, 0x000000008bf00000|100%| S|CS|TAMS 0x000000008be00000, 0x000000008be00000| Complete 
|  35|0x000000008bf00000, 0x000000008bf00000, 0x000000008c000000|  0%| F|  |TAMS 0x000000008bf00000, 0x000000008bf00000| Untracked 
|  36|0x000000008c000000, 0x000000008c000000, 0x000000008c100000|  0%| F|  |TAMS 0x000000008c000000, 0x000000008c000000| Untracked 
|  37|0x000000008c100000, 0x000000008c100000, 0x000000008c200000|  0%| F|  |TAMS 0x000000008c100000, 0x000000008c100000| Untracked 
|  38|0x000000008c200000, 0x000000008c200000, 0x000000008c300000|  0%| F|  |TAMS 0x000000008c200000, 0x000000008c200000| Untracked 
|  39|0x000000008c300000, 0x000000008c300000, 0x000000008c400000|  0%| F|  |TAMS 0x000000008c300000, 0x000000008c300000| Untracked 
|  40|0x000000008c400000, 0x000000008c400000, 0x000000008c500000|  0%| F|  |TAMS 0x000000008c400000, 0x000000008c400000| Untracked 
|  41|0x000000008c500000, 0x000000008c56d828, 0x000000008c600000| 42%| E|  |TAMS 0x000000008c500000, 0x000000008c500000| Complete 
|  42|0x000000008c600000, 0x000000008c700000, 0x000000008c700000|100%| E|CS|TAMS 0x000000008c600000, 0x000000008c600000| Complete 
|  43|0x000000008c700000, 0x000000008c800000, 0x000000008c800000|100%| E|CS|TAMS 0x000000008c700000, 0x000000008c700000| Complete 
|  44|0x000000008c800000, 0x000000008c900000, 0x000000008c900000|100%| E|CS|TAMS 0x000000008c800000, 0x000000008c800000| Complete 
|  45|0x000000008c900000, 0x000000008ca00000, 0x000000008ca00000|100%| E|CS|TAMS 0x000000008c900000, 0x000000008c900000| Complete 
|  46|0x000000008ca00000, 0x000000008cb00000, 0x000000008cb00000|100%| E|CS|TAMS 0x000000008ca00000, 0x000000008ca00000| Complete 
|  47|0x000000008cb00000, 0x000000008cc00000, 0x000000008cc00000|100%| E|CS|TAMS 0x000000008cb00000, 0x000000008cb00000| Complete 
| 110|0x0000000090a00000, 0x0000000090b00000, 0x0000000090b00000|100%| E|CS|TAMS 0x0000000090a00000, 0x0000000090a00000| Complete 
| 111|0x0000000090b00000, 0x0000000090c00000, 0x0000000090c00000|100%| E|CS|TAMS 0x0000000090b00000, 0x0000000090b00000| Complete 
| 112|0x0000000090c00000, 0x0000000090d00000, 0x0000000090d00000|100%| E|CS|TAMS 0x0000000090c00000, 0x0000000090c00000| Complete 
| 119|0x0000000091300000, 0x0000000091400000, 0x0000000091400000|100%| E|CS|TAMS 0x0000000091300000, 0x0000000091300000| Complete 

Card table byte_map: [0x00000122152b0000,0x0000012215670000] _byte_map_base: 0x0000012214e62000

Marking Bits (Prev, Next): (CMBitMap*) 0x00000122014bfb60, (CMBitMap*) 0x00000122014bfb20
 Prev Bits: [0x00000122177c0000, 0x0000012219550000)
 Next Bits: [0x0000012215a30000, 0x00000122177c0000)

Polling page: 0x0000012201530000

Metaspace:

Usage:
  Non-class:     56.69 MB used.
      Class:      8.80 MB used.
       Both:     65.48 MB used.

Virtual space:
  Non-class space:       64.00 MB reserved,      56.94 MB ( 89%) committed,  8 nodes.
      Class space:        1.00 GB reserved,       9.00 MB ( <1%) committed,  1 nodes.
             Both:        1.06 GB reserved,      65.94 MB (  6%) committed. 

Chunk freelists:
   Non-Class:  3.06 MB
       Class:  2.88 MB
        Both:  5.94 MB

MaxMetaspaceSize: unlimited
CompressedClassSpaceSize: 1.00 GB
Initial GC threshold: 21.00 MB
Current GC threshold: 107.50 MB
CDS: off
MetaspaceReclaimPolicy: balanced
 - commit_granule_bytes: 65536.
 - commit_granule_words: 8192.
 - virtual_space_node_default_size: 1048576.
 - enlarge_chunks_in_place: 1.
 - new_chunks_are_fully_committed: 0.
 - uncommit_free_chunks: 1.
 - use_allocation_guard: 0.
 - handle_deallocations: 1.


Internal statistics:

num_allocs_failed_limit: 6.
num_arena_births: 740.
num_arena_deaths: 0.
num_vsnodes_births: 9.
num_vsnodes_deaths: 0.
num_space_committed: 1055.
num_space_uncommitted: 0.
num_chunks_returned_to_freelist: 6.
num_chunks_taken_from_freelist: 2939.
num_chunk_merges: 6.
num_chunk_splits: 2053.
num_chunks_enlarged: 1536.
num_purges: 0.
num_inconsistent_stats: 0.

CodeHeap 'non-profiled nmethods': size=120000Kb used=3342Kb max_used=3433Kb free=116657Kb
 bounds [0x000001220d3a0000, 0x000001220d750000, 0x00000122148d0000]
CodeHeap 'profiled nmethods': size=120000Kb used=9684Kb max_used=10589Kb free=110315Kb
 bounds [0x0000012205e70000, 0x00000122068d0000, 0x000001220d3a0000]
CodeHeap 'non-nmethods': size=5760Kb used=1301Kb max_used=1357Kb free=4458Kb
 bounds [0x00000122058d0000, 0x0000012205b40000, 0x0000012205e70000]
 total_blobs=5665 nmethods=5037 adapters=540
 compilation: enabled
              stopped_count=0, restarted_count=0
 full_count=0

Compilation events (20 events):
Event: 18.834 Thread 0x000001221c51a340 5807       2       io.micrometer.core.instrument.Meter$Id::hashCode (23 bytes)
Event: 18.834 Thread 0x000001221c51a340 nmethod 5807 0x0000012205fcaf10 code [0x0000012205fcb0c0, 0x0000012205fcb238]
Event: 18.855 Thread 0x000001221c51a340 5808       2       org.springframework.util.ConcurrentReferenceHashMap$Segment::restructureIfNecessary (56 bytes)
Event: 18.856 Thread 0x000001221c51a340 nmethod 5808 0x0000012205e91010 code [0x0000012205e911c0, 0x0000012205e914d8]
Event: 18.858 Thread 0x000001221c51a340 5809       2       sun.reflect.generics.reflectiveObjects.WildcardTypeImpl::hashCode (20 bytes)
Event: 18.859 Thread 0x000001221c51a340 nmethod 5809 0x0000012205e90790 code [0x0000012205e909a0, 0x0000012205e90e78]
Event: 18.860 Thread 0x000001221c51a340 5810       2       org.springframework.core.annotation.AnnotationsScanner::getDeclaredAnnotations (166 bytes)
Event: 18.861 Thread 0x000001221d0023a0 

Event: 18.863 Thread 0x000001221d0023a0 5729       4       org.springframework.core.annotation.TypeMappedAnnotations$MergedAnnotationFinder::doWithAnnotations (75 bytes)
Event: 18.863 Thread 0x000001221c51a340 nmethod 5810 0x0000012205e8fc10 code [0x0000012205e8fe60, 0x0000012205e90478]
Event: 18.867 Thread 0x000001221c51a340 5812       2       org.springframework.core.OrderComparator::getOrder (111 bytes)
Event: 18.868 Thread 0x000001221c51a340 nmethod 5812 0x0000012205e8f310 code [0x0000012205e8f500, 0x0000012205e8f858]
Event: 18.868 Thread 0x000001221c51a340 5813   !   2       org.springframework.core.annotation.AnnotationsScanner::processClassHierarchy (234 bytes)
Event: 18.869 Thread 0x000001221c51a340 nmethod 5813 0x0000012206271b10 code [0x0000012206271da0, 0x0000012206272498]
Event: 19.131 Thread 0x000001221c519100 

Event: 19.132 Thread 0x000001221c519100 5811       4       org.springframework.beans.factory.support.AbstractBeanFactory::isTypeMatch (619 bytes)
Event: 19.299 Thread 0x000001221c51a340 5814       2       java.io.File::equals (28 bytes)
Event: 19.299 Thread 0x000001221c51a340 nmethod 5814 0x0000012206271610 code [0x00000122062717c0, 0x00000122062719c8]
Event: 19.300 Thread 0x000001221c51a340 5815       2       java.io.File::compareTo (9 bytes)
Event: 19.300 Thread 0x000001221c51a340 nmethod 5815 0x0000012206271210 code [0x00000122062713c0, 0x0000012206271508]

GC Heap History (20 events):
Event: 12.466 GC heap before
{Heap before GC invocations=18 (full 0):
 garbage-first heap   total 46080K, used 35763K [0x0000000089c00000, 0x0000000100000000)
  region size 1024K, 16 young (16384K), 2 survivors (2048K)
 Metaspace       used 47869K, committed 48320K, reserved 1097728K
  class space    used 6087K, committed 6336K, reserved 1048576K
}
Event: 12.475 GC heap after
{Heap after GC invocations=19 (full 0):
 garbage-first heap   total 46080K, used 22647K [0x0000000089c00000, 0x0000000100000000)
  region size 1024K, 2 young (2048K), 2 survivors (2048K)
 Metaspace       used 47869K, committed 48320K, reserved 1097728K
  class space    used 6087K, committed 6336K, reserved 1048576K
}
Event: 13.324 GC heap before
{Heap before GC invocations=19 (full 0):
 garbage-first heap   total 46080K, used 34935K [0x0000000089c00000, 0x0000000100000000)
  region size 1024K, 15 young (15360K), 2 survivors (2048K)
 Metaspace       used 50988K, committed 51456K, reserved 1097728K
  class space    used 6523K, committed 6784K, reserved 1048576K
}
Event: 13.330 GC heap after
{Heap after GC invocations=20 (full 0):
 garbage-first heap   total 46080K, used 24005K [0x0000000089c00000, 0x0000000100000000)
  region size 1024K, 2 young (2048K), 2 survivors (2048K)
 Metaspace       used 50988K, committed 51456K, reserved 1097728K
  class space    used 6523K, committed 6784K, reserved 1048576K
}
Event: 13.754 GC heap before
{Heap before GC invocations=21 (full 0):
 garbage-first heap   total 46080K, used 34245K [0x0000000089c00000, 0x0000000100000000)
  region size 1024K, 13 young (13312K), 2 survivors (2048K)
 Metaspace       used 53675K, committed 54144K, reserved 1097728K
  class space    used 6992K, committed 7232K, reserved 1048576K
}
Event: 13.757 GC heap after
{Heap after GC invocations=22 (full 0):
 garbage-first heap   total 46080K, used 24770K [0x0000000089c00000, 0x0000000100000000)
  region size 1024K, 1 young (1024K), 1 survivors (1024K)
 Metaspace       used 53675K, committed 54144K, reserved 1097728K
  class space    used 6992K, committed 7232K, reserved 1048576K
}
Event: 14.275 GC heap before
{Heap before GC invocations=22 (full 0):
 garbage-first heap   total 46080K, used 37058K [0x0000000089c00000, 0x0000000100000000)
  region size 1024K, 13 young (13312K), 1 survivors (1024K)
 Metaspace       used 56636K, committed 57152K, reserved 1105920K
  class space    used 7499K, committed 7744K, reserved 1048576K
}
Event: 14.279 GC heap after
{Heap after GC invocations=23 (full 0):
 garbage-first heap   total 46080K, used 24947K [0x0000000089c00000, 0x0000000100000000)
  region size 1024K, 1 young (1024K), 1 survivors (1024K)
 Metaspace       used 56636K, committed 57152K, reserved 1105920K
  class space    used 7499K, committed 7744K, reserved 1048576K
}
Event: 15.105 GC heap before
{Heap before GC invocations=24 (full 0):
 garbage-first heap   total 46080K, used 36211K [0x0000000089c00000, 0x0000000100000000)
  region size 1024K, 13 young (13312K), 1 survivors (1024K)
 Metaspace       used 59185K, committed 59648K, reserved 1105920K
  class space    used 7883K, committed 8128K, reserved 1048576K
}
Event: 15.109 GC heap after
{Heap after GC invocations=25 (full 0):
 garbage-first heap   total 46080K, used 25773K [0x0000000089c00000, 0x0000000100000000)
  region size 1024K, 2 young (2048K), 2 survivors (2048K)
 Metaspace       used 59185K, committed 59648K, reserved 1105920K
  class space    used 7883K, committed 8128K, reserved 1048576K
}
Event: 15.900 GC heap before
{Heap before GC invocations=25 (full 0):
 garbage-first heap   total 46080K, used 37037K [0x0000000089c00000, 0x0000000100000000)
  region size 1024K, 13 young (13312K), 2 survivors (2048K)
 Metaspace       used 61541K, committed 62080K, reserved 1105920K
  class space    used 8185K, committed 8448K, reserved 1048576K
}
Event: 15.906 GC heap after
{Heap after GC invocations=26 (full 0):
 garbage-first heap   total 46080K, used 26671K [0x0000000089c00000, 0x0000000100000000)
  region size 1024K, 2 young (2048K), 2 survivors (2048K)
 Metaspace       used 61541K, committed 62080K, reserved 1105920K
  class space    used 8185K, committed 8448K, reserved 1048576K
}
Event: 16.366 GC heap before
{Heap before GC invocations=27 (full 0):
 garbage-first heap   total 48128K, used 36911K [0x0000000089c00000, 0x0000000100000000)
  region size 1024K, 12 young (12288K), 2 survivors (2048K)
 Metaspace       used 61755K, committed 62208K, reserved 1105920K
  class space    used 8223K, committed 8448K, reserved 1048576K
}
Event: 16.373 GC heap after
{Heap after GC invocations=28 (full 0):
 garbage-first heap   total 48128K, used 27024K [0x0000000089c00000, 0x0000000100000000)
  region size 1024K, 2 young (2048K), 2 survivors (2048K)
 Metaspace       used 61755K, committed 62208K, reserved 1105920K
  class space    used 8223K, committed 8448K, reserved 1048576K
}
Event: 16.861 GC heap before
{Heap before GC invocations=28 (full 0):
 garbage-first heap   total 48128K, used 38288K [0x0000000089c00000, 0x0000000100000000)
  region size 1024K, 13 young (13312K), 2 survivors (2048K)
 Metaspace       used 62603K, committed 63104K, reserved 1105920K
  class space    used 8349K, committed 8576K, reserved 1048576K
}
Event: 16.867 GC heap after
{Heap after GC invocations=29 (full 0):
 garbage-first heap   total 48128K, used 28082K [0x0000000089c00000, 0x0000000100000000)
  region size 1024K, 2 young (2048K), 2 survivors (2048K)
 Metaspace       used 62603K, committed 63104K, reserved 1105920K
  class space    used 8349K, committed 8576K, reserved 1048576K
}
Event: 17.577 GC heap before
{Heap before GC invocations=30 (full 0):
 garbage-first heap   total 51200K, used 39346K [0x0000000089c00000, 0x0000000100000000)
  region size 1024K, 13 young (13312K), 2 survivors (2048K)
 Metaspace       used 64024K, committed 64512K, reserved 1105920K
  class space    used 8544K, committed 8768K, reserved 1048576K
}
Event: 17.583 GC heap after
{Heap after GC invocations=31 (full 0):
 garbage-first heap   total 51200K, used 29023K [0x0000000089c00000, 0x0000000100000000)
  region size 1024K, 2 young (2048K), 2 survivors (2048K)
 Metaspace       used 64024K, committed 64512K, reserved 1105920K
  class space    used 8544K, committed 8768K, reserved 1048576K
}
Event: 18.258 GC heap before
{Heap before GC invocations=31 (full 0):
 garbage-first heap   total 51200K, used 42335K [0x0000000089c00000, 0x0000000100000000)
  region size 1024K, 15 young (15360K), 2 survivors (2048K)
 Metaspace       used 65328K, committed 65792K, reserved 1105920K
  class space    used 8740K, committed 8960K, reserved 1048576K
}
Event: 18.267 GC heap after
{Heap after GC invocations=32 (full 0):
 garbage-first heap   total 51200K, used 30269K [0x0000000089c00000, 0x0000000100000000)
  region size 1024K, 2 young (2048K), 2 survivors (2048K)
 Metaspace       used 65328K, committed 65792K, reserved 1105920K
  class space    used 8740K, committed 8960K, reserved 1048576K
}

Dll operation events (9 events):
Event: 0.011 Loaded shared library C:\Users\elean\.vscode\extensions\redhat.java-1.13.0-win32-x64\jre\17.0.5-win32-x86_64\bin\java.dll
Event: 0.305 Loaded shared library C:\Users\elean\.vscode\extensions\redhat.java-1.13.0-win32-x64\jre\17.0.5-win32-x86_64\bin\net.dll
Event: 0.308 Loaded shared library C:\Users\elean\.vscode\extensions\redhat.java-1.13.0-win32-x64\jre\17.0.5-win32-x86_64\bin\nio.dll
Event: 0.318 Loaded shared library C:\Users\elean\.vscode\extensions\redhat.java-1.13.0-win32-x64\jre\17.0.5-win32-x86_64\bin\zip.dll
Event: 0.517 Loaded shared library C:\Users\elean\.vscode\extensions\redhat.java-1.13.0-win32-x64\jre\17.0.5-win32-x86_64\bin\jimage.dll
Event: 0.823 Loaded shared library C:\Users\elean\.vscode\extensions\redhat.java-1.13.0-win32-x64\jre\17.0.5-win32-x86_64\bin\management.dll
Event: 0.844 Loaded shared library C:\Users\elean\.vscode\extensions\redhat.java-1.13.0-win32-x64\jre\17.0.5-win32-x86_64\bin\management_ext.dll
Event: 2.644 Loaded shared library C:\Users\elean\.vscode\extensions\redhat.java-1.13.0-win32-x64\jre\17.0.5-win32-x86_64\bin\verify.dll
Event: 8.611 Loaded shared library C:\Users\elean\.vscode\extensions\redhat.java-1.13.0-win32-x64\jre\17.0.5-win32-x86_64\bin\sunmscapi.dll

Deoptimization events (20 events):
Event: 18.557 Thread 0x000001221e08dbd0 Uncommon trap: trap_request=0xffffffde fr.pc=0x000001220d58affc relative=0x000000000000571c
Event: 18.557 Thread 0x000001221e08dbd0 Uncommon trap: reason=class_check action=maybe_recompile pc=0x000001220d58affc method=org.springframework.beans.factory.support.AbstractBeanFactory.isSingleton(Ljava/lang/String;)Z @ 25 c2
Event: 18.557 Thread 0x000001221e08dbd0 DEOPT PACKING pc=0x000001220d58affc sp=0x00000020f66fdc10
Event: 18.557 Thread 0x000001221e08dbd0 DEOPT UNPACKING pc=0x00000122059223a3 sp=0x00000020f66fdb20 mode 2
Event: 18.659 Thread 0x000001221e08dbd0 Uncommon trap: trap_request=0xffffffde fr.pc=0x000001220d58affc relative=0x000000000000571c
Event: 18.659 Thread 0x000001221e08dbd0 Uncommon trap: reason=class_check action=maybe_recompile pc=0x000001220d58affc method=org.springframework.beans.factory.support.AbstractBeanFactory.isSingleton(Ljava/lang/String;)Z @ 25 c2
Event: 18.659 Thread 0x000001221e08dbd0 DEOPT PACKING pc=0x000001220d58affc sp=0x00000020f66fdee0
Event: 18.659 Thread 0x000001221e08dbd0 DEOPT UNPACKING pc=0x00000122059223a3 sp=0x00000020f66fddf0 mode 2
Event: 18.801 Thread 0x000001221e08dbd0 DEOPT PACKING pc=0x0000012206582d36 sp=0x00000020f66fdc40
Event: 18.801 Thread 0x000001221e08dbd0 DEOPT UNPACKING pc=0x0000012205922b43 sp=0x00000020f66fd118 mode 0
Event: 18.803 Thread 0x000001221e08dbd0 DEOPT PACKING pc=0x0000012206582d36 sp=0x00000020f66fdc20
Event: 18.803 Thread 0x000001221e08dbd0 DEOPT UNPACKING pc=0x0000012205922b43 sp=0x00000020f66fd0e8 mode 0
Event: 18.810 Thread 0x000001221e08dbd0 Uncommon trap: trap_request=0xffffff45 fr.pc=0x000001220d4310e0 relative=0x0000000000000060
Event: 18.810 Thread 0x000001221e08dbd0 Uncommon trap: reason=unstable_if action=reinterpret pc=0x000001220d4310e0 method=org.springframework.util.ConcurrentReferenceHashMap$Segment.clear()V @ 7 c2
Event: 18.810 Thread 0x000001221e08dbd0 DEOPT PACKING pc=0x000001220d4310e0 sp=0x00000020f66fde30
Event: 18.810 Thread 0x000001221e08dbd0 DEOPT UNPACKING pc=0x00000122059223a3 sp=0x00000020f66fddc0 mode 2
Event: 18.828 Thread 0x000001221e08dbd0 Uncommon trap: trap_request=0xffffff54 fr.pc=0x000001220d449cf8 relative=0x0000000000000338
Event: 18.828 Thread 0x000001221e08dbd0 Uncommon trap: reason=speculate_null_assert action=make_not_entrant pc=0x000001220d449cf8 method=org.springframework.util.ConcurrentReferenceHashMap$Segment.restructureIfNecessary(Z)V @ 41 c2
Event: 18.829 Thread 0x000001221e08dbd0 DEOPT PACKING pc=0x000001220d449cf8 sp=0x00000020f66fde80
Event: 18.829 Thread 0x000001221e08dbd0 DEOPT UNPACKING pc=0x00000122059223a3 sp=0x00000020f66fde48 mode 2

Classes unloaded (0 events):
No events

Classes redefined (0 events):
No events

Internal exceptions (20 events):
Event: 16.893 Thread 0x000001221d0ada50 Exception <a 'java/lang/ClassNotFoundException'{0x0000000090c51018}: org/springframework/context/support/LiveBeansView> (0x0000000090c51018) 
thrown [s\src\hotspot\share\classfile\systemDictionary.cpp, line 256]
Event: 16.893 Thread 0x000001221d0ada50 Exception <a 'java/lang/ClassNotFoundException'{0x0000000090c513c8}: org/springframework/context/support/LiveBeansView> (0x0000000090c513c8) 
thrown [s\src\hotspot\share\classfile\systemDictionary.cpp, line 256]
Event: 16.893 Thread 0x000001221d0ada50 Exception <a 'java/lang/ClassNotFoundException'{0x0000000090c51778}: org/springframework/context/support/LiveBeansView> (0x0000000090c51778) 
thrown [s\src\hotspot\share\classfile\systemDictionary.cpp, line 256]
Event: 16.898 Thread 0x000001221d0ada50 Exception <a 'java/lang/reflect/InvocationTargetException'{0x0000000090c55188}> (0x0000000090c55188) 
thrown [s\src\hotspot\share\runtime\reflection.cpp, line 1121]
Event: 17.259 Thread 0x000001221e08dbd0 Exception <a 'java/lang/IncompatibleClassChangeError'{0x000000008c7b4040}: Found class java.lang.Object, but interface was expected> (0x000000008c7b4040) 
thrown [s\src\hotspot\share\interpreter\linkResolver.cpp, line 826]
Event: 17.383 Thread 0x000001221e08dbd0 Exception <a 'java/lang/NoSuchMethodError'{0x000000008c53b660}: 'int java.lang.invoke.DirectMethodHandle$Holder.invokeStaticInit(java.lang.Object, java.lang.Object, java.lang.Object, java.lang.Object)'> (0x000000008c53b660) 
thrown [s\src\hotspot\share\interpreter\linkResolver.cpp, line 759]
Event: 17.518 Thread 0x000001221e08dbd0 Exception <a 'java/lang/NoSuchMethodError'{0x000000008c323ce8}: 'java.lang.Object java.lang.invoke.DirectMethodHandle$Holder.newInvokeSpecial(java.lang.Object, java.lang.Object, java.lang.Object, java.lang.Object, java.lang.Object, java.lang.Object, java.lang.Object, java.lang.Object, java.lang.Object)'> (0x000000008c323ce8) 
thrown [s\src\hotspot\share\interpreter\linkResolver.cpp, line 759]
Event: 17.518 Thread 0x000001221e08dbd0 Exception <a 'java/lang/NoSuchMethodError'{0x000000008c328998}: 'java.lang.Object java.lang.invoke.Invokers$Holder.linkToTargetMethod(java.lang.Object, java.lang.Object, java.lang.Object, java.lang.Object, java.lang.Object, java.lang.Object, java.lang.Object, java.lang.Object, java.lang.Object)'> (0x000000008c328998) 
thrown [s\src\hotspot\share\interpreter\linkResolver.cpp, line 759]
Event: 17.945 Thread 0x000001221e08dbd0 Exception <a 'java/lang/NoSuchMethodError'{0x000000008c636180}: 'int java.lang.invoke.DirectMethodHandle$Holder.invokeStatic(java.lang.Object, java.lang.Object, java.lang.Object, java.lang.Object, java.lang.Object)'> (0x000000008c636180) 
thrown [s\src\hotspot\share\interpreter\linkResolver.cpp, line 759]
Event: 18.065 Thread 0x000001221e08dbd0 Exception <a 'java/lang/NoSuchMethodError'{0x000000008c408f50}: 'double java.lang.invoke.DirectMethodHandle$Holder.invokeStatic(java.lang.Object, java.lang.Object)'> (0x000000008c408f50) 
thrown [s\src\hotspot\share\interpreter\linkResolver.cpp, line 759]
Event: 18.112 Thread 0x000001221e08dbd0 Implicit null exception at 0x000001220d5175da to 0x000001220d517810
Event: 18.282 Thread 0x000001221c692b40 Implicit null exception at 0x000001220d5f7965 to 0x000001220d5fdcf4
Event: 18.310 Thread 0x000001221c692b40 Exception <a 'java/lang/NoSuchMethodError'{0x0000000091318f90}: 'long java.lang.invoke.DirectMethodHandle$Holder.invokeStatic(java.lang.Object, java.lang.Object, java.lang.Object)'> (0x0000000091318f90) 
thrown [s\src\hotspot\share\interpreter\linkResolver.cpp, line 759]
Event: 18.573 Thread 0x000001221e08dbd0 Exception <a 'java/lang/NoSuchMethodError'{0x0000000090b87880}: 'void java.lang.invoke.DirectMethodHandle$Holder.invokeStatic(java.lang.Object, java.lang.Object, double)'> (0x0000000090b87880) 
thrown [s\src\hotspot\share\interpreter\linkResolver.cpp, line 759]
Event: 18.597 Thread 0x000001221e08dbd0 Exception <a 'java/lang/NoSuchMethodError'{0x0000000090bd6230}: 'double java.lang.invoke.DirectMethodHandle$Holder.invokeStatic(java.lang.Object, java.lang.Object, java.lang.Object)'> (0x0000000090bd6230) 
thrown [s\src\hotspot\share\interpreter\linkResolver.cpp, line 759]
Event: 18.655 Thread 0x000001221e08dbd0 Exception <a 'java/lang/IncompatibleClassChangeError'{0x0000000090ab9f38}: Found class java.lang.Object, but interface was expected> (0x0000000090ab9f38) 
thrown [s\src\hotspot\share\interpreter\linkResolver.cpp, line 826]
Event: 18.663 Thread 0x000001221e08dbd0 Exception <a 'java/lang/NoSuchMethodError'{0x0000000090acd858}: 'java.lang.Object java.lang.invoke.DirectMethodHandle$Holder.newInvokeSpecial(java.lang.Object, java.lang.Object, int, java.lang.Object, java.lang.Object)'> (0x0000000090acd858) 
thrown [s\src\hotspot\share\interpreter\linkResolver.cpp, line 759]
Event: 18.665 Thread 0x000001221e08dbd0 Exception <a 'java/lang/NoSuchMethodError'{0x0000000090ad8e40}: 'java.lang.Object java.lang.invoke.DirectMethodHandle$Holder.invokeSpecial(java.lang.Object, java.lang.Object, int, java.lang.Object, int, java.lang.Object)'> (0x0000000090ad8e40) 
thrown [s\src\hotspot\share\interpreter\linkResolver.cpp, line 759]
Event: 18.670 Thread 0x000001221e08dbd0 Exception <a 'java/lang/NoSuchMethodError'{0x0000000090ae0b80}: 'java.lang.Object java.lang.invoke.DirectMethodHandle$Holder.newInvokeSpecial(java.lang.Object, java.lang.Object, int, java.lang.Object, int)'> (0x0000000090ae0b80) 
thrown [s\src\hotspot\share\interpreter\linkResolver.cpp, line 759]
Event: 18.671 Thread 0x000001221e08dbd0 Exception <a 'java/lang/NoSuchMethodError'{0x0000000090ae4e78}: 'java.lang.Object java.lang.invoke.DirectMethodHandle$Holder.invokeSpecial(java.lang.Object, java.lang.Object, java.lang.Object, int, java.lang.Object, int)'> (0x0000000090ae4e78) 
thrown [s\src\hotspot\share\interpreter\linkResolver.cpp, line 759]

VM Operations (20 events):
Event: 17.930 Executing VM operation: HandshakeAllThreads
Event: 17.930 Executing VM operation: HandshakeAllThreads done
Event: 17.936 Executing VM operation: HandshakeAllThreads
Event: 17.937 Executing VM operation: HandshakeAllThreads done
Event: 18.242 Executing VM operation: G1CollectForAllocation
Event: 18.284 Executing VM operation: G1CollectForAllocation done
Event: 18.371 Executing VM operation: G1Concurrent
Event: 18.375 Executing VM operation: G1Concurrent done
Event: 18.413 Executing VM operation: G1Concurrent
Event: 18.413 Executing VM operation: G1Concurrent done
Event: 18.604 Executing VM operation: HandshakeAllThreads
Event: 18.604 Executing VM operation: HandshakeAllThreads done
Event: 18.653 Executing VM operation: HandshakeAllThreads
Event: 18.653 Executing VM operation: HandshakeAllThreads done
Event: 18.747 Executing VM operation: HandshakeAllThreads
Event: 18.767 Executing VM operation: HandshakeAllThreads done
Event: 18.813 Executing VM operation: HandshakeAllThreads
Event: 18.828 Executing VM operation: HandshakeAllThreads done
Event: 18.836 Executing VM operation: HandshakeAllThreads
Event: 18.836 Executing VM operation: HandshakeAllThreads done

Events (20 events):
Event: 18.876 loading class java/beans/WeakIdentityMap$Entry done
Event: 18.876 loading class com/sun/beans/introspect/ClassInfo
Event: 18.877 loading class com/sun/beans/introspect/ClassInfo done
Event: 18.877 loading class com/sun/beans/introspect/ClassInfo$1
Event: 18.877 loading class com/sun/beans/util/Cache
Event: 18.877 loading class com/sun/beans/util/Cache done
Event: 18.877 loading class com/sun/beans/introspect/ClassInfo$1 done
Event: 18.877 loading class com/sun/beans/util/Cache$Kind
Event: 18.877 loading class com/sun/beans/util/Cache$Kind done
Event: 18.877 loading class com/sun/beans/util/Cache$Kind$1
Event: 18.877 loading class com/sun/beans/util/Cache$Kind$1 done
Event: 18.877 loading class com/sun/beans/util/Cache$Kind$2
Event: 18.878 loading class com/sun/beans/util/Cache$Kind$2 done
Event: 18.878 loading class com/sun/beans/util/Cache$Kind$3
Event: 18.878 loading class com/sun/beans/util/Cache$Kind$3 done
Event: 18.878 loading class com/sun/beans/util/Cache$CacheEntry
Event: 18.878 loading class com/sun/beans/util/Cache$CacheEntry done
Event: 18.879 Thread 0x000001221c6a1b70 Thread exited: 0x000001221c6a1b70
Event: 18.880 Thread 0x0000012201461f00 Thread exited: 0x0000012201461f00
Event: 18.880 Thread 0x0000012222112db0 Thread added: 0x0000012222112db0


Dynamic libraries:
0x00007ff755e60000 - 0x00007ff755e6e000 	C:\Users\elean\.vscode\extensions\redhat.java-1.13.0-win32-x64\jre\17.0.5-win32-x86_64\bin\java.exe
0x00007ffe68ab0000 - 0x00007ffe68ca8000 	C:\WINDOWS\SYSTEM32\ntdll.dll
0x00007ffe68900000 - 0x00007ffe689bf000 	C:\WINDOWS\System32\KERNEL32.DLL
0x00007ffe66520000 - 0x00007ffe667f2000 	C:\WINDOWS\System32\KERNELBASE.dll
0x00007ffe663f0000 - 0x00007ffe664f0000 	C:\WINDOWS\System32\ucrtbase.dll
0x00007ffe5f480000 - 0x00007ffe5f499000 	C:\Users\elean\.vscode\extensions\redhat.java-1.13.0-win32-x64\jre\17.0.5-win32-x86_64\bin\VCRUNTIME140.dll
0x00007ffe60300000 - 0x00007ffe60317000 	C:\Users\elean\.vscode\extensions\redhat.java-1.13.0-win32-x64\jre\17.0.5-win32-x86_64\bin\jli.dll
0x00007ffe671e0000 - 0x00007ffe67381000 	C:\WINDOWS\System32\USER32.dll
0x00007ffe533b0000 - 0x00007ffe5364a000 	C:\WINDOWS\WinSxS\amd64_microsoft.windows.common-controls_6595b64144ccf1df_6.0.19041.1110_none_60b5254171f9507e\COMCTL32.dll
0x00007ffe661a0000 - 0x00007ffe661c2000 	C:\WINDOWS\System32\win32u.dll
0x00007ffe67c90000 - 0x00007ffe67d2e000 	C:\WINDOWS\System32\msvcrt.dll
0x00007ffe67c60000 - 0x00007ffe67c8b000 	C:\WINDOWS\System32\GDI32.dll
0x00007ffe669e0000 - 0x00007ffe66aef000 	C:\WINDOWS\System32\gdi32full.dll
0x00007ffe66890000 - 0x00007ffe6692d000 	C:\WINDOWS\System32\msvcp_win.dll
0x00007ffe67ae0000 - 0x00007ffe67b12000 	C:\WINDOWS\System32\IMM32.DLL
0x00007ffe61b10000 - 0x00007ffe61b1c000 	C:\Users\elean\.vscode\extensions\redhat.java-1.13.0-win32-x64\jre\17.0.5-win32-x86_64\bin\vcruntime140_1.dll
0x00007ffe506a0000 - 0x00007ffe50731000 	C:\Users\elean\.vscode\extensions\redhat.java-1.13.0-win32-x64\jre\17.0.5-win32-x86_64\bin\msvcp140.dll
0x00007ffe0bb60000 - 0x00007ffe0c7a4000 	C:\Users\elean\.vscode\extensions\redhat.java-1.13.0-win32-x64\jre\17.0.5-win32-x86_64\bin\server\jvm.dll
0x00007ffe689c0000 - 0x00007ffe68a6e000 	C:\WINDOWS\System32\ADVAPI32.dll
0x00007ffe68720000 - 0x00007ffe687bc000 	C:\WINDOWS\System32\sechost.dll
0x00007ffe682a0000 - 0x00007ffe683c5000 	C:\WINDOWS\System32\RPCRT4.dll
0x00007ffe60730000 - 0x00007ffe60739000 	C:\WINDOWS\SYSTEM32\WSOCK32.dll
0x00007ffe67e40000 - 0x00007ffe67eab000 	C:\WINDOWS\System32\WS2_32.dll
0x00007ffe55ea0000 - 0x00007ffe55ec7000 	C:\WINDOWS\SYSTEM32\WINMM.dll
0x00007ffe5b3f0000 - 0x00007ffe5b3fa000 	C:\WINDOWS\SYSTEM32\VERSION.dll
0x00007ffe63f40000 - 0x00007ffe63f52000 	C:\WINDOWS\SYSTEM32\kernel.appcore.dll
0x00007ffe5f3f0000 - 0x00007ffe5f3fa000 	C:\Users\elean\.vscode\extensions\redhat.java-1.13.0-win32-x64\jre\17.0.5-win32-x86_64\bin\jimage.dll
0x00007ffe4f9e0000 - 0x00007ffe4fbc4000 	C:\WINDOWS\SYSTEM32\DBGHELP.DLL
0x00007ffe51b00000 - 0x00007ffe51b35000 	C:\WINDOWS\SYSTEM32\dbgcore.DLL
0x00007ffe66800000 - 0x00007ffe66882000 	C:\WINDOWS\System32\bcryptPrimitives.dll
0x00007ffe591e0000 - 0x00007ffe59205000 	C:\Users\elean\.vscode\extensions\redhat.java-1.13.0-win32-x64\jre\17.0.5-win32-x86_64\bin\java.dll
0x00007ffe5c950000 - 0x00007ffe5c968000 	C:\Users\elean\.vscode\extensions\redhat.java-1.13.0-win32-x64\jre\17.0.5-win32-x86_64\bin\zip.dll
0x00007ffe67390000 - 0x00007ffe67ad4000 	C:\WINDOWS\System32\SHELL32.dll
0x00007ffe64220000 - 0x00007ffe649b2000 	C:\WINDOWS\SYSTEM32\windows.storage.dll
0x00007ffe67ec0000 - 0x00007ffe68215000 	C:\WINDOWS\System32\combase.dll
0x00007ffe65a40000 - 0x00007ffe65a70000 	C:\WINDOWS\SYSTEM32\Wldp.dll
0x00007ffe68670000 - 0x00007ffe6871d000 	C:\WINDOWS\System32\SHCORE.dll
0x00007ffe68450000 - 0x00007ffe684a5000 	C:\WINDOWS\System32\shlwapi.dll
0x00007ffe660e0000 - 0x00007ffe660ff000 	C:\WINDOWS\SYSTEM32\profapi.dll
0x00007ffe5aa00000 - 0x00007ffe5aa19000 	C:\Users\elean\.vscode\extensions\redhat.java-1.13.0-win32-x64\jre\17.0.5-win32-x86_64\bin\net.dll
0x00007ffe5ee20000 - 0x00007ffe5ef2c000 	C:\WINDOWS\SYSTEM32\WINHTTP.dll
0x00007ffe65820000 - 0x00007ffe6588a000 	C:\WINDOWS\system32\mswsock.dll
0x00007ffe5a8d0000 - 0x00007ffe5a8e5000 	C:\Users\elean\.vscode\extensions\redhat.java-1.13.0-win32-x64\jre\17.0.5-win32-x86_64\bin\nio.dll
0x00007ffe65570000 - 0x00007ffe6563a000 	C:\WINDOWS\SYSTEM32\DNSAPI.dll
0x00007ffe65530000 - 0x00007ffe6556b000 	C:\WINDOWS\SYSTEM32\IPHLPAPI.DLL
0x00007ffe684b0000 - 0x00007ffe684b8000 	C:\WINDOWS\System32\NSI.dll
0x00007ffe5c7f0000 - 0x00007ffe5c7fa000 	C:\Windows\System32\rasadhlp.dll
0x00007ffe5e4e0000 - 0x00007ffe5e560000 	C:\WINDOWS\System32\fwpuclnt.dll
0x00007ffe664f0000 - 0x00007ffe66517000 	C:\WINDOWS\System32\bcrypt.dll
0x00007ffe5d5b0000 - 0x00007ffe5d5b9000 	C:\Users\elean\.vscode\extensions\redhat.java-1.13.0-win32-x64\jre\17.0.5-win32-x86_64\bin\management.dll
0x00007ffe5d2e0000 - 0x00007ffe5d2eb000 	C:\Users\elean\.vscode\extensions\redhat.java-1.13.0-win32-x64\jre\17.0.5-win32-x86_64\bin\management_ext.dll
0x00007ffe688f0000 - 0x00007ffe688f8000 	C:\WINDOWS\System32\PSAPI.DLL
0x00007ffe65db0000 - 0x00007ffe65dc8000 	C:\WINDOWS\SYSTEM32\CRYPTSP.dll
0x00007ffe65160000 - 0x00007ffe65194000 	C:\WINDOWS\system32\rsaenh.dll
0x00007ffe66050000 - 0x00007ffe6607e000 	C:\WINDOWS\SYSTEM32\USERENV.dll
0x00007ffe659b0000 - 0x00007ffe659bc000 	C:\WINDOWS\SYSTEM32\CRYPTBASE.dll
0x00007ffe5fce0000 - 0x00007ffe5fcf7000 	C:\WINDOWS\SYSTEM32\dhcpcsvc6.DLL
0x00007ffe5fc20000 - 0x00007ffe5fc3d000 	C:\WINDOWS\SYSTEM32\dhcpcsvc.DLL
0x00007ffe5f3b0000 - 0x00007ffe5f3c0000 	C:\Users\elean\.vscode\extensions\redhat.java-1.13.0-win32-x64\jre\17.0.5-win32-x86_64\bin\verify.dll
0x00007ffe5e380000 - 0x00007ffe5e38e000 	C:\Users\elean\.vscode\extensions\redhat.java-1.13.0-win32-x64\jre\17.0.5-win32-x86_64\bin\sunmscapi.dll
0x00007ffe66290000 - 0x00007ffe663e6000 	C:\WINDOWS\System32\CRYPT32.dll
0x00007ffe65ab0000 - 0x00007ffe65ad7000 	C:\WINDOWS\SYSTEM32\ncrypt.dll
0x00007ffe65a70000 - 0x00007ffe65aab000 	C:\WINDOWS\SYSTEM32\NTASN1.dll
0x00007ffe5d360000 - 0x00007ffe5d367000 	C:\WINDOWS\system32\wshunix.dll

dbghelp: loaded successfully - version: 4.0.5 - missing functions: none
symbol engine: initialized successfully - sym options: 0x614 - pdb path: .;C:\Users\elean\.vscode\extensions\redhat.java-1.13.0-win32-x64\jre\17.0.5-win32-x86_64\bin;C:\WINDOWS\SYSTEM32;C:\WINDOWS\WinSxS\amd64_microsoft.windows.common-controls_6595b64144ccf1df_6.0.19041.1110_none_60b5254171f9507e;C:\Users\elean\.vscode\extensions\redhat.java-1.13.0-win32-x64\jre\17.0.5-win32-x86_64\bin\server

VM Arguments:
jvm_args: -XX:+ShowCodeDetailsInExceptionMessages -Dspring.jmx.enabled=true -Dmanagement.endpoints.jmx.exposure.include=* -Dspring.application.admin.enabled=true -Dspring.boot.project.name=backend -Djava.rmi.server.hostname=localhost 
java_command: com.dev.backend.BackendApplication
java_class_path (initial): C:\vscode-workspace\loja-virtual-2022\backend\target\classes;C:\Users\elean\.m2\repository\org\springframework\boot\spring-boot-starter-actuator\3.0.1\spring-boot-starter-actuator-3.0.1.jar;C:\Users\elean\.m2\repository\org\springframework\boot\spring-boot-starter\3.0.1\spring-boot-starter-3.0.1.jar;C:\Users\elean\.m2\repository\org\springframework\boot\spring-boot-starter-logging\3.0.1\spring-boot-starter-logging-3.0.1.jar;C:\Users\elean\.m2\repository\ch\qos\logback\logback-classic\1.4.5\logback-classic-1.4.5.jar;C:\Users\elean\.m2\repository\ch\qos\logback\logback-core\1.4.5\logback-core-1.4.5.jar;C:\Users\elean\.m2\repository\org\apache\logging\log4j\log4j-to-slf4j\2.19.0\log4j-to-slf4j-2.19.0.jar;C:\Users\elean\.m2\repository\org\apache\logging\log4j\log4j-api\2.19.0\log4j-api-2.19.0.jar;C:\Users\elean\.m2\repository\org\slf4j\jul-to-slf4j\2.0.6\jul-to-slf4j-2.0.6.jar;C:\Users\elean\.m2\repository\jakarta\annotation\jakarta.annotation-api\2.1.1\jakarta.annotation-api-2.1.1.jar;C:\Users\elean\.m2\repository\org\yaml\snakeyaml\1.33\snakeyaml-1.33.jar;C:\Users\elean\.m2\repository\org\springframework\boot\spring-boot-actuator-autoconfigure\3.0.1\spring-boot-actuator-autoconfigure-3.0.1.jar;C:\Users\elean\.m2\repository\org\springframework\boot\spring-boot-actuator\3.0.1\spring-boot-actuator-3.0.1.jar;C:\Users\elean\.m2\repository\com\fasterxml\jackson\core\jackson-databind\2.14.1\jackson-databind-2.14.1.jar;C:\Users\elean\.m2\repository\com\fasterxml\jackson\core\jackson-annotations\2.14.1\jackson-annotations-2.14.1.jar;C:\Users\elean\.m2\repository\com\fasterxml\jackson\core\jackson-core\2.14.1\jackson-core-2.14.1.jar;C:\Users\elean\.m2\repository\com\fasterxml\jackson\datatype\jackson-datatype-jsr310\2.14.1\jackson-datatype-jsr310-2.14.1.jar;C:\Users\elean\.m2\repository\io\micrometer\micrometer-observation\1.10.2\micrometer-observation-1.10.2.jar;C:\Users\elean\.m2\repository\io\micrometer\micrometer-commons\1.10.2\micrometer-common
Launcher Type: SUN_STANDARD

[Global flags]
     intx CICompilerCount                          = 3                                         {product} {ergonomic}
     uint ConcGCThreads                            = 1                                         {product} {ergonomic}
     uint G1ConcRefinementThreads                  = 4                                         {product} {ergonomic}
   size_t G1HeapRegionSize                         = 1048576                                   {product} {ergonomic}
    uintx GCDrainStackTargetSize                   = 64                                        {product} {ergonomic}
   size_t InitialHeapSize                          = 125829120                                 {product} {ergonomic}
   size_t MarkStackSize                            = 4194304                                   {product} {ergonomic}
   size_t MaxHeapSize                              = 1983905792                                {product} {ergonomic}
   size_t MaxNewSize                               = 1190133760                                {product} {ergonomic}
   size_t MinHeapDeltaBytes                        = 1048576                                   {product} {ergonomic}
   size_t MinHeapSize                              = 8388608                                   {product} {ergonomic}
    uintx NonNMethodCodeHeapSize                   = 5832780                                {pd product} {ergonomic}
    uintx NonProfiledCodeHeapSize                  = 122912730                              {pd product} {ergonomic}
    uintx ProfiledCodeHeapSize                     = 122912730                              {pd product} {ergonomic}
    uintx ReservedCodeCacheSize                    = 251658240                              {pd product} {ergonomic}
     bool SegmentedCodeCache                       = true                                      {product} {ergonomic}
     bool ShowCodeDetailsInExceptionMessages       = true                                   {manageable} {command line}
   size_t SoftMaxHeapSize                          = 1983905792                             {manageable} {ergonomic}
     bool UseCompressedClassPointers               = true                           {product lp64_product} {ergonomic}
     bool UseCompressedOops                        = true                           {product lp64_product} {ergonomic}
     bool UseG1GC                                  = true                                      {product} {ergonomic}
     bool UseLargePagesIndividualAllocation        = false                                  {pd product} {ergonomic}

Logging:
Log output configuration:
 #0: stdout all=warning uptime,level,tags
 #1: stderr all=off uptime,level,tags

Environment Variables:
JAVA_HOME=C:\Program Files\Java\jdk-15.0.1
CLASSPATH=.;C:\Program Files\Java\jdk-15.0.1\lib
PATH=C:\Program Files\Java\jdk-15.0.1;C:\Program Files\Java\jdk-15.0.1\bin;C:\Program Files (x86)\VMware\VMware Player\bin\;C:\Python310\Scripts\;C:\Python310\;C:\Program Files\Common Files\Oracle\Java\javapath;C:\WINDOWS\system32;C:\WINDOWS;C:\WINDOWS\System32\Wbem;C:\WINDOWS\System32\WindowsPowerShell\v1.0\;C:\WINDOWS\System32\OpenSSH\;C:\Program Files\dotnet\;C:\Users\elean\AppData\Local\Programs\Python\Python310;C:\Users\elean\AppData\Local\Programs\Python\Python310\Scripts;C:\Program Files\nodejs\;C:\ProgramData\chocolatey\bin;C:\Program Files\Git\cmd;C:\ProgramasDevs\apache-maven-3.8.6\bin;C:\apache-maven-3.8.6\bin;C:\Users\elean\AppData\Local\Programs\AdoptOpenJDK\bin;C:\Users\elean\AppData\Local\Microsoft\WindowsApps;;C:\Users\elean\AppData\Local\Programs\Microsoft VS Code\bin;C:\Program Files\JetBrains\IntelliJ IDEA Educational Edition 2021.2.3\bin;;C:\Program Files\heroku\bin;C:\Users\elean\AppData\Roaming\npm;C:\ProgramasDevs\IntelliJ IDEA Community Edition 2022.3\bin;
USERNAME=AndersonSama
LANG=pt_BR.UTF-8
OS=Windows_NT
PROCESSOR_IDENTIFIER=Intel64 Family 6 Model 58 Stepping 9, GenuineIntel
TMP=C:\Users\elean\AppData\Local\Temp
TEMP=C:\Users\elean\AppData\Local\Temp



---------------  S Y S T E M  ---------------

OS:
 Windows 10 , 64 bit Build 19041 (10.0.19041.2364)
OS uptime: 7 days 22:22 hours
Hyper-V role detected

CPU: total 4 (initial active 4) (2 cores per cpu, 2 threads per core) family 6 model 58 stepping 9 microcode 0x21, cx8, cmov, fxsr, ht, mmx, sse, sse2, sse3, ssse3, sse4.1, sse4.2, popcnt, tsc, tscinvbit, avx, erms, clmul, vzeroupper, clflush, hv

Memory: 4k page, system-wide physical 7566M (682M free)
TotalPageFile size 7566M (AvailPageFile size 6M)
current process WorkingSet (physical memory assigned to process): 244M, peak: 250M
current process commit charge ("private bytes"): 269M, peak: 275M

vm_info: OpenJDK 64-Bit Server VM (17.0.5+8) for windows-amd64 JRE (17.0.5+8), built on Oct 19 2022 04:48:13 by "temurin" with MS VC++ 16.7 (VS2019)

END.
